{"C:\\Users\\Yojhan\\Downloads\\Tinder\\Software2_CodeVing_Loleros\\controllers\\usersController.js": {"path":"C:\\Users\\Yojhan\\Downloads\\Tinder\\Software2_CodeVing_Loleros\\controllers\\usersController.js","statementMap":{"0":{"start":{"line":2,"column":14},"end":{"line":2,"column":40}},"1":{"start":{"line":3,"column":15},"end":{"line":3,"column":42}},"2":{"start":{"line":4,"column":16},"end":{"line":4,"column":44}},"3":{"start":{"line":5,"column":12},"end":{"line":5,"column":35}},"4":{"start":{"line":6,"column":13},"end":{"line":6,"column":38}},"5":{"start":{"line":7,"column":13},"end":{"line":7,"column":39}},"6":{"start":{"line":8,"column":23},"end":{"line":8,"column":38}},"7":{"start":{"line":9,"column":18},"end":{"line":9,"column":38}},"8":{"start":{"line":11,"column":18},"end":{"line":13,"column":1}},"9":{"start":{"line":12,"column":2},"end":{"line":12,"column":53}},"10":{"start":{"line":15,"column":17},"end":{"line":59,"column":1}},"11":{"start":{"line":16,"column":2},"end":{"line":58,"column":3}},"12":{"start":{"line":27,"column":8},"end":{"line":27,"column":16}},"13":{"start":{"line":29,"column":25},"end":{"line":29,"column":55}},"14":{"start":{"line":30,"column":4},"end":{"line":34,"column":5}},"15":{"start":{"line":31,"column":6},"end":{"line":33,"column":79}},"16":{"start":{"line":36,"column":20},"end":{"line":47,"column":6}},"17":{"start":{"line":49,"column":22},"end":{"line":49,"column":42}},"18":{"start":{"line":50,"column":4},"end":{"line":52,"column":78}},"19":{"start":{"line":54,"column":4},"end":{"line":54,"column":56}},"20":{"start":{"line":55,"column":4},"end":{"line":57,"column":73}},"21":{"start":{"line":60,"column":13},"end":{"line":105,"column":1}},"22":{"start":{"line":61,"column":2},"end":{"line":104,"column":3}},"23":{"start":{"line":62,"column":24},"end":{"line":62,"column":63}},"24":{"start":{"line":63,"column":4},"end":{"line":65,"column":5}},"25":{"start":{"line":64,"column":6},"end":{"line":64,"column":79}},"26":{"start":{"line":67,"column":23},"end":{"line":67,"column":32}},"27":{"start":{"line":70,"column":29},"end":{"line":72,"column":6}},"28":{"start":{"line":74,"column":22},"end":{"line":74,"column":71}},"29":{"start":{"line":74,"column":50},"end":{"line":74,"column":70}},"30":{"start":{"line":77,"column":20},"end":{"line":79,"column":6}},"31":{"start":{"line":81,"column":21},"end":{"line":83,"column":5}},"32":{"start":{"line":82,"column":6},"end":{"line":82,"column":70}},"33":{"start":{"line":85,"column":25},"end":{"line":87,"column":5}},"34":{"start":{"line":89,"column":19},"end":{"line":91,"column":5}},"35":{"start":{"line":93,"column":4},"end":{"line":95,"column":5}},"36":{"start":{"line":94,"column":6},"end":{"line":94,"column":29}},"37":{"start":{"line":97,"column":18},"end":{"line":97,"column":42}},"38":{"start":{"line":98,"column":4},"end":{"line":98,"column":46}},"39":{"start":{"line":100,"column":4},"end":{"line":100,"column":54}},"40":{"start":{"line":101,"column":4},"end":{"line":103,"column":68}},"41":{"start":{"line":107,"column":14},"end":{"line":148,"column":1}},"42":{"start":{"line":108,"column":32},"end":{"line":108,"column":40}},"43":{"start":{"line":109,"column":19},"end":{"line":109,"column":29}},"44":{"start":{"line":111,"column":2},"end":{"line":147,"column":3}},"45":{"start":{"line":112,"column":21},"end":{"line":116,"column":6}},"46":{"start":{"line":117,"column":4},"end":{"line":117,"column":26}},"47":{"start":{"line":120,"column":4},"end":{"line":141,"column":5}},"48":{"start":{"line":121,"column":27},"end":{"line":125,"column":8}},"49":{"start":{"line":127,"column":6},"end":{"line":138,"column":7}},"50":{"start":{"line":129,"column":25},"end":{"line":132,"column":10}},"51":{"start":{"line":133,"column":27},"end":{"line":133,"column":48}},"52":{"start":{"line":135,"column":8},"end":{"line":135,"column":78}},"53":{"start":{"line":137,"column":8},"end":{"line":137,"column":80}},"54":{"start":{"line":140,"column":6},"end":{"line":140,"column":78}},"55":{"start":{"line":143,"column":4},"end":{"line":143,"column":57}},"56":{"start":{"line":144,"column":4},"end":{"line":146,"column":70}},"57":{"start":{"line":149,"column":17},"end":{"line":194,"column":1}},"58":{"start":{"line":150,"column":17},"end":{"line":150,"column":27}},"59":{"start":{"line":152,"column":2},"end":{"line":193,"column":3}},"60":{"start":{"line":154,"column":18},"end":{"line":156,"column":6}},"61":{"start":{"line":158,"column":4},"end":{"line":160,"column":5}},"62":{"start":{"line":159,"column":6},"end":{"line":159,"column":70}},"63":{"start":{"line":163,"column":17},"end":{"line":165,"column":5}},"64":{"start":{"line":167,"column":21},"end":{"line":167,"column":46}},"65":{"start":{"line":170,"column":21},"end":{"line":170,"column":66}},"66":{"start":{"line":171,"column":21},"end":{"line":171,"column":66}},"67":{"start":{"line":173,"column":30},"end":{"line":182,"column":6}},"68":{"start":{"line":175,"column":8},"end":{"line":177,"column":27}},"69":{"start":{"line":178,"column":6},"end":{"line":181,"column":8}},"70":{"start":{"line":184,"column":4},"end":{"line":187,"column":7}},"71":{"start":{"line":189,"column":4},"end":{"line":189,"column":25}},"72":{"start":{"line":190,"column":4},"end":{"line":192,"column":70}},"73":{"start":{"line":195,"column":20},"end":{"line":244,"column":1}},"74":{"start":{"line":196,"column":31},"end":{"line":196,"column":39}},"75":{"start":{"line":197,"column":17},"end":{"line":197,"column":27}},"76":{"start":{"line":199,"column":2},"end":{"line":243,"column":3}},"77":{"start":{"line":200,"column":18},"end":{"line":200,"column":56}},"78":{"start":{"line":202,"column":4},"end":{"line":207,"column":5}},"79":{"start":{"line":206,"column":6},"end":{"line":206,"column":80}},"80":{"start":{"line":209,"column":15},"end":{"line":209,"column":56}},"81":{"start":{"line":211,"column":4},"end":{"line":213,"column":5}},"82":{"start":{"line":212,"column":6},"end":{"line":212,"column":59}},"83":{"start":{"line":215,"column":23},"end":{"line":221,"column":5}},"84":{"start":{"line":223,"column":4},"end":{"line":223,"column":35}},"85":{"start":{"line":224,"column":4},"end":{"line":224,"column":22}},"86":{"start":{"line":227,"column":6},"end":{"line":229,"column":55}},"87":{"start":{"line":231,"column":24},"end":{"line":234,"column":5}},"88":{"start":{"line":236,"column":15},"end":{"line":236,"column":22}},"89":{"start":{"line":237,"column":4},"end":{"line":237,"column":41}},"90":{"start":{"line":239,"column":4},"end":{"line":239,"column":39}},"91":{"start":{"line":241,"column":4},"end":{"line":241,"column":50}},"92":{"start":{"line":242,"column":4},"end":{"line":242,"column":68}},"93":{"start":{"line":245,"column":0},"end":{"line":252,"column":2}}},"fnMap":{"0":{"name":"(anonymous_0)","decl":{"start":{"line":11,"column":18},"end":{"line":11,"column":19}},"loc":{"start":{"line":11,"column":38},"end":{"line":13,"column":1}},"line":11},"1":{"name":"(anonymous_1)","decl":{"start":{"line":15,"column":17},"end":{"line":15,"column":18}},"loc":{"start":{"line":15,"column":37},"end":{"line":59,"column":1}},"line":15},"2":{"name":"(anonymous_2)","decl":{"start":{"line":60,"column":13},"end":{"line":60,"column":14}},"loc":{"start":{"line":60,"column":33},"end":{"line":105,"column":1}},"line":60},"3":{"name":"(anonymous_3)","decl":{"start":{"line":74,"column":43},"end":{"line":74,"column":44}},"loc":{"start":{"line":74,"column":50},"end":{"line":74,"column":70}},"line":74},"4":{"name":"(anonymous_4)","decl":{"start":{"line":81,"column":33},"end":{"line":81,"column":34}},"loc":{"start":{"line":82,"column":6},"end":{"line":82,"column":70}},"line":82},"5":{"name":"(anonymous_5)","decl":{"start":{"line":107,"column":14},"end":{"line":107,"column":15}},"loc":{"start":{"line":107,"column":34},"end":{"line":148,"column":1}},"line":107},"6":{"name":"(anonymous_6)","decl":{"start":{"line":149,"column":17},"end":{"line":149,"column":18}},"loc":{"start":{"line":149,"column":37},"end":{"line":194,"column":1}},"line":149},"7":{"name":"(anonymous_7)","decl":{"start":{"line":173,"column":43},"end":{"line":173,"column":44}},"loc":{"start":{"line":173,"column":56},"end":{"line":182,"column":5}},"line":173},"8":{"name":"(anonymous_8)","decl":{"start":{"line":195,"column":20},"end":{"line":195,"column":21}},"loc":{"start":{"line":195,"column":40},"end":{"line":244,"column":1}},"line":195}},"branchMap":{"0":{"loc":{"start":{"line":30,"column":4},"end":{"line":34,"column":5}},"type":"if","locations":[{"start":{"line":30,"column":4},"end":{"line":34,"column":5}},{"start":{},"end":{}}],"line":30},"1":{"loc":{"start":{"line":63,"column":4},"end":{"line":65,"column":5}},"type":"if","locations":[{"start":{"line":63,"column":4},"end":{"line":65,"column":5}},{"start":{},"end":{}}],"line":63},"2":{"loc":{"start":{"line":82,"column":6},"end":{"line":82,"column":70}},"type":"cond-expr","locations":[{"start":{"line":82,"column":41},"end":{"line":82,"column":54}},{"start":{"line":82,"column":57},"end":{"line":82,"column":70}}],"line":82},"3":{"loc":{"start":{"line":93,"column":4},"end":{"line":95,"column":5}},"type":"if","locations":[{"start":{"line":93,"column":4},"end":{"line":95,"column":5}},{"start":{},"end":{}}],"line":93},"4":{"loc":{"start":{"line":93,"column":8},"end":{"line":93,"column":50}},"type":"binary-expr","locations":[{"start":{"line":93,"column":8},"end":{"line":93,"column":14}},{"start":{"line":93,"column":18},"end":{"line":93,"column":50}}],"line":93},"5":{"loc":{"start":{"line":120,"column":4},"end":{"line":141,"column":5}},"type":"if","locations":[{"start":{"line":120,"column":4},"end":{"line":141,"column":5}},{"start":{"line":139,"column":11},"end":{"line":141,"column":5}}],"line":120},"6":{"loc":{"start":{"line":127,"column":6},"end":{"line":138,"column":7}},"type":"if","locations":[{"start":{"line":127,"column":6},"end":{"line":138,"column":7}},{"start":{"line":136,"column":13},"end":{"line":138,"column":7}}],"line":127},"7":{"loc":{"start":{"line":158,"column":4},"end":{"line":160,"column":5}},"type":"if","locations":[{"start":{"line":158,"column":4},"end":{"line":160,"column":5}},{"start":{},"end":{}}],"line":158},"8":{"loc":{"start":{"line":167,"column":21},"end":{"line":167,"column":46}},"type":"cond-expr","locations":[{"start":{"line":167,"column":28},"end":{"line":167,"column":41}},{"start":{"line":167,"column":44},"end":{"line":167,"column":46}}],"line":167},"9":{"loc":{"start":{"line":175,"column":8},"end":{"line":177,"column":27}},"type":"cond-expr","locations":[{"start":{"line":176,"column":12},"end":{"line":176,"column":27}},{"start":{"line":177,"column":12},"end":{"line":177,"column":27}}],"line":175},"10":{"loc":{"start":{"line":202,"column":4},"end":{"line":207,"column":5}},"type":"if","locations":[{"start":{"line":202,"column":4},"end":{"line":207,"column":5}},{"start":{},"end":{}}],"line":202},"11":{"loc":{"start":{"line":203,"column":6},"end":{"line":204,"column":68}},"type":"binary-expr","locations":[{"start":{"line":203,"column":6},"end":{"line":203,"column":12}},{"start":{"line":204,"column":7},"end":{"line":204,"column":35}},{"start":{"line":204,"column":39},"end":{"line":204,"column":67}}],"line":203},"12":{"loc":{"start":{"line":211,"column":4},"end":{"line":213,"column":5}},"type":"if","locations":[{"start":{"line":211,"column":4},"end":{"line":213,"column":5}},{"start":{},"end":{}}],"line":211},"13":{"loc":{"start":{"line":218,"column":8},"end":{"line":218,"column":76}},"type":"cond-expr","locations":[{"start":{"line":218,"column":39},"end":{"line":218,"column":56}},{"start":{"line":218,"column":59},"end":{"line":218,"column":76}}],"line":218},"14":{"loc":{"start":{"line":227,"column":6},"end":{"line":229,"column":55}},"type":"cond-expr","locations":[{"start":{"line":228,"column":10},"end":{"line":228,"column":55}},{"start":{"line":229,"column":10},"end":{"line":229,"column":55}}],"line":227},"15":{"loc":{"start":{"line":233,"column":18},"end":{"line":233,"column":53}},"type":"binary-expr","locations":[{"start":{"line":233,"column":18},"end":{"line":233,"column":36}},{"start":{"line":233,"column":40},"end":{"line":233,"column":53}}],"line":233}},"s":{"0":1,"1":1,"2":1,"3":1,"4":1,"5":1,"6":1,"7":1,"8":1,"9":0,"10":1,"11":2,"12":2,"13":2,"14":2,"15":1,"16":1,"17":1,"18":1,"19":0,"20":0,"21":1,"22":1,"23":1,"24":1,"25":0,"26":1,"27":1,"28":1,"29":0,"30":1,"31":1,"32":0,"33":1,"34":1,"35":1,"36":0,"37":1,"38":1,"39":0,"40":0,"41":1,"42":2,"43":2,"44":2,"45":2,"46":2,"47":2,"48":2,"49":2,"50":1,"51":1,"52":1,"53":1,"54":0,"55":0,"56":0,"57":1,"58":1,"59":1,"60":1,"61":1,"62":0,"63":1,"64":1,"65":1,"66":1,"67":1,"68":2,"69":2,"70":1,"71":0,"72":0,"73":1,"74":1,"75":1,"76":1,"77":1,"78":1,"79":0,"80":1,"81":1,"82":1,"83":1,"84":1,"85":1,"86":1,"87":1,"88":1,"89":1,"90":1,"91":0,"92":0,"93":1},"f":{"0":0,"1":2,"2":1,"3":0,"4":0,"5":2,"6":1,"7":2,"8":1},"b":{"0":[1,1],"1":[0,1],"2":[0,0],"3":[0,1],"4":[1,0],"5":[2,0],"6":[1,1],"7":[0,1],"8":[1,0],"9":[1,1],"10":[0,1],"11":[1,1,0],"12":[1,0],"13":[1,0],"14":[1,0],"15":[1,0]},"_coverageSchema":"1a1c01bbd47fc00a2c39e90264f33305004495a9","hash":"0f3179db08e6f0cff62c119dda577713bbf101cb"}
,"C:\\Users\\Yojhan\\Downloads\\Tinder\\Software2_CodeVing_Loleros\\middleware\\usersValidator.js": {"path":"C:\\Users\\Yojhan\\Downloads\\Tinder\\Software2_CodeVing_Loleros\\middleware\\usersValidator.js","statementMap":{"0":{"start":{"line":1,"column":24},"end":{"line":1,"column":52}},"1":{"start":{"line":2,"column":29},"end":{"line":2,"column":57}},"2":{"start":{"line":3,"column":13},"end":{"line":3,"column":39}},"3":{"start":{"line":4,"column":12},"end":{"line":4,"column":35}},"4":{"start":{"line":5,"column":14},"end":{"line":5,"column":16}},"5":{"start":{"line":6,"column":16},"end":{"line":6,"column":18}},"6":{"start":{"line":7,"column":24},"end":{"line":59,"column":1}},"7":{"start":{"line":61,"column":16},"end":{"line":79,"column":1}},"8":{"start":{"line":62,"column":17},"end":{"line":62,"column":38}},"9":{"start":{"line":63,"column":2},"end":{"line":65,"column":3}},"10":{"start":{"line":64,"column":4},"end":{"line":64,"column":60}},"11":{"start":{"line":66,"column":28},"end":{"line":66,"column":36}},"12":{"start":{"line":67,"column":2},"end":{"line":78,"column":3}},"13":{"start":{"line":68,"column":23},"end":{"line":68,"column":52}},"14":{"start":{"line":69,"column":4},"end":{"line":71,"column":5}},"15":{"start":{"line":70,"column":6},"end":{"line":70,"column":71}},"16":{"start":{"line":72,"column":4},"end":{"line":72,"column":11}},"17":{"start":{"line":74,"column":4},"end":{"line":74,"column":55}},"18":{"start":{"line":75,"column":4},"end":{"line":77,"column":73}},"19":{"start":{"line":80,"column":23},"end":{"line":102,"column":1}},"20":{"start":{"line":81,"column":30},"end":{"line":81,"column":38}},"21":{"start":{"line":82,"column":2},"end":{"line":101,"column":3}},"22":{"start":{"line":83,"column":17},"end":{"line":83,"column":56}},"23":{"start":{"line":84,"column":4},"end":{"line":91,"column":5}},"24":{"start":{"line":85,"column":6},"end":{"line":90,"column":9}},"25":{"start":{"line":92,"column":18},"end":{"line":94,"column":6}},"26":{"start":{"line":95,"column":4},"end":{"line":95,"column":52}},"27":{"start":{"line":97,"column":4},"end":{"line":97,"column":65}},"28":{"start":{"line":98,"column":4},"end":{"line":100,"column":71}},"29":{"start":{"line":103,"column":16},"end":{"line":118,"column":1}},"30":{"start":{"line":104,"column":37},"end":{"line":104,"column":45}},"31":{"start":{"line":105,"column":2},"end":{"line":117,"column":3}},"32":{"start":{"line":106,"column":19},"end":{"line":106,"column":45}},"33":{"start":{"line":107,"column":4},"end":{"line":107,"column":25}},"34":{"start":{"line":108,"column":4},"end":{"line":110,"column":78}},"35":{"start":{"line":112,"column":4},"end":{"line":115,"column":7}},"36":{"start":{"line":116,"column":4},"end":{"line":116,"column":11}},"37":{"start":{"line":119,"column":26},"end":{"line":129,"column":1}},"38":{"start":{"line":120,"column":21},"end":{"line":120,"column":49}},"39":{"start":{"line":121,"column":16},"end":{"line":121,"column":54}},"40":{"start":{"line":122,"column":2},"end":{"line":122,"column":48}},"41":{"start":{"line":122,"column":21},"end":{"line":122,"column":48}},"42":{"start":{"line":123,"column":2},"end":{"line":128,"column":5}},"43":{"start":{"line":124,"column":4},"end":{"line":124,"column":40}},"44":{"start":{"line":124,"column":13},"end":{"line":124,"column":40}},"45":{"start":{"line":125,"column":4},"end":{"line":125,"column":29}},"46":{"start":{"line":126,"column":4},"end":{"line":126,"column":29}},"47":{"start":{"line":127,"column":4},"end":{"line":127,"column":11}},"48":{"start":{"line":130,"column":0},"end":{"line":138,"column":2}}},"fnMap":{"0":{"name":"(anonymous_0)","decl":{"start":{"line":61,"column":16},"end":{"line":61,"column":17}},"loc":{"start":{"line":61,"column":42},"end":{"line":79,"column":1}},"line":61},"1":{"name":"(anonymous_1)","decl":{"start":{"line":80,"column":23},"end":{"line":80,"column":24}},"loc":{"start":{"line":80,"column":49},"end":{"line":102,"column":1}},"line":80},"2":{"name":"(anonymous_2)","decl":{"start":{"line":103,"column":16},"end":{"line":103,"column":17}},"loc":{"start":{"line":103,"column":36},"end":{"line":118,"column":1}},"line":103},"3":{"name":"(anonymous_3)","decl":{"start":{"line":119,"column":26},"end":{"line":119,"column":27}},"loc":{"start":{"line":119,"column":46},"end":{"line":129,"column":1}},"line":119},"4":{"name":"(anonymous_4)","decl":{"start":{"line":123,"column":44},"end":{"line":123,"column":45}},"loc":{"start":{"line":123,"column":59},"end":{"line":128,"column":3}},"line":123}},"branchMap":{"0":{"loc":{"start":{"line":63,"column":2},"end":{"line":65,"column":3}},"type":"if","locations":[{"start":{"line":63,"column":2},"end":{"line":65,"column":3}},{"start":{},"end":{}}],"line":63},"1":{"loc":{"start":{"line":69,"column":4},"end":{"line":71,"column":5}},"type":"if","locations":[{"start":{"line":69,"column":4},"end":{"line":71,"column":5}},{"start":{},"end":{}}],"line":69},"2":{"loc":{"start":{"line":84,"column":4},"end":{"line":91,"column":5}},"type":"if","locations":[{"start":{"line":84,"column":4},"end":{"line":91,"column":5}},{"start":{},"end":{}}],"line":84},"3":{"loc":{"start":{"line":105,"column":2},"end":{"line":117,"column":3}},"type":"if","locations":[{"start":{"line":105,"column":2},"end":{"line":117,"column":3}},{"start":{"line":111,"column":9},"end":{"line":117,"column":3}}],"line":105},"4":{"loc":{"start":{"line":121,"column":16},"end":{"line":121,"column":54}},"type":"binary-expr","locations":[{"start":{"line":121,"column":16},"end":{"line":121,"column":26}},{"start":{"line":121,"column":30},"end":{"line":121,"column":54}}],"line":121},"5":{"loc":{"start":{"line":122,"column":2},"end":{"line":122,"column":48}},"type":"if","locations":[{"start":{"line":122,"column":2},"end":{"line":122,"column":48}},{"start":{},"end":{}}],"line":122},"6":{"loc":{"start":{"line":124,"column":4},"end":{"line":124,"column":40}},"type":"if","locations":[{"start":{"line":124,"column":4},"end":{"line":124,"column":40}},{"start":{},"end":{}}],"line":124}},"s":{"0":1,"1":1,"2":1,"3":1,"4":1,"5":1,"6":1,"7":1,"8":3,"9":3,"10":1,"11":2,"12":2,"13":2,"14":2,"15":1,"16":1,"17":0,"18":0,"19":1,"20":2,"21":2,"22":2,"23":2,"24":1,"25":1,"26":1,"27":0,"28":0,"29":1,"30":0,"31":0,"32":0,"33":0,"34":0,"35":0,"36":0,"37":1,"38":3,"39":3,"40":3,"41":1,"42":2,"43":2,"44":1,"45":1,"46":1,"47":1,"48":1},"f":{"0":3,"1":2,"2":0,"3":3,"4":2},"b":{"0":[1,2],"1":[1,1],"2":[1,1],"3":[0,0],"4":[3,2],"5":[1,2],"6":[1,1]},"_coverageSchema":"1a1c01bbd47fc00a2c39e90264f33305004495a9","hash":"c8636a123f684fadac9f7ff341d6b6e23aa6def9"}
,"C:\\Users\\Yojhan\\Downloads\\Tinder\\Software2_CodeVing_Loleros\\models\\Chat.js": {"path":"C:\\Users\\Yojhan\\Downloads\\Tinder\\Software2_CodeVing_Loleros\\models\\Chat.js","statementMap":{"0":{"start":{"line":1,"column":26},"end":{"line":1,"column":45}},"1":{"start":{"line":3,"column":22},"end":{"line":8,"column":2}},"2":{"start":{"line":10,"column":19},"end":{"line":13,"column":2}},"3":{"start":{"line":15,"column":0},"end":{"line":15,"column":43}}},"fnMap":{},"branchMap":{},"s":{"0":1,"1":1,"2":1,"3":1},"f":{},"b":{},"_coverageSchema":"1a1c01bbd47fc00a2c39e90264f33305004495a9","hash":"c3a7284fe7c0e165a7ea709960ba8e0276654344"}
,"C:\\Users\\Yojhan\\Downloads\\Tinder\\Software2_CodeVing_Loleros\\models\\Matches.js": {"path":"C:\\Users\\Yojhan\\Downloads\\Tinder\\Software2_CodeVing_Loleros\\models\\Matches.js","statementMap":{"0":{"start":{"line":1,"column":26},"end":{"line":1,"column":45}},"1":{"start":{"line":2,"column":23},"end":{"line":2,"column":38}},"2":{"start":{"line":4,"column":20},"end":{"line":9,"column":2}},"3":{"start":{"line":11,"column":0},"end":{"line":11,"column":47}}},"fnMap":{},"branchMap":{},"s":{"0":1,"1":1,"2":1,"3":1},"f":{},"b":{},"_coverageSchema":"1a1c01bbd47fc00a2c39e90264f33305004495a9","hash":"dd52a2e17b7d362e06bf075ee26557e4ec80f32f"}
,"C:\\Users\\Yojhan\\Downloads\\Tinder\\Software2_CodeVing_Loleros\\models\\Swipes.js": {"path":"C:\\Users\\Yojhan\\Downloads\\Tinder\\Software2_CodeVing_Loleros\\models\\Swipes.js","statementMap":{"0":{"start":{"line":1,"column":26},"end":{"line":1,"column":45}},"1":{"start":{"line":2,"column":23},"end":{"line":2,"column":38}},"2":{"start":{"line":4,"column":20},"end":{"line":10,"column":2}},"3":{"start":{"line":12,"column":0},"end":{"line":12,"column":46}}},"fnMap":{},"branchMap":{},"s":{"0":1,"1":1,"2":1,"3":1},"f":{},"b":{},"_coverageSchema":"1a1c01bbd47fc00a2c39e90264f33305004495a9","hash":"16e5c2282d4276a513cff8e2b42d1eda33443ef6"}
,"C:\\Users\\Yojhan\\Downloads\\Tinder\\Software2_CodeVing_Loleros\\models\\Users.js": {"path":"C:\\Users\\Yojhan\\Downloads\\Tinder\\Software2_CodeVing_Loleros\\models\\Users.js","statementMap":{"0":{"start":{"line":2,"column":26},"end":{"line":2,"column":45}},"1":{"start":{"line":3,"column":23},"end":{"line":3,"column":38}},"2":{"start":{"line":5,"column":19},"end":{"line":19,"column":1}},"3":{"start":{"line":21,"column":0},"end":{"line":21,"column":44}}},"fnMap":{},"branchMap":{},"s":{"0":2,"1":2,"2":2,"3":2},"f":{},"b":{},"_coverageSchema":"1a1c01bbd47fc00a2c39e90264f33305004495a9","hash":"56d41d77e716e4689521cbf7d545237809139802"}
}
