TN:
SF:controllers\usersController.js
FN:11,(anonymous_0)
FN:15,(anonymous_1)
FN:60,(anonymous_2)
FN:74,(anonymous_3)
FN:81,(anonymous_4)
FN:107,(anonymous_5)
FN:149,(anonymous_6)
FN:173,(anonymous_7)
FN:195,(anonymous_8)
FNF:9
FNH:6
FNDA:0,(anonymous_0)
FNDA:2,(anonymous_1)
FNDA:1,(anonymous_2)
FNDA:0,(anonymous_3)
FNDA:0,(anonymous_4)
FNDA:2,(anonymous_5)
FNDA:1,(anonymous_6)
FNDA:2,(anonymous_7)
FNDA:1,(anonymous_8)
DA:2,1
DA:3,1
DA:4,1
DA:5,1
DA:6,1
DA:7,1
DA:8,1
DA:9,1
DA:11,1
DA:12,0
DA:15,1
DA:16,2
DA:27,2
DA:29,2
DA:30,2
DA:31,1
DA:36,1
DA:49,1
DA:50,1
DA:54,0
DA:55,0
DA:60,1
DA:61,1
DA:62,1
DA:63,1
DA:64,0
DA:67,1
DA:70,1
DA:74,1
DA:77,1
DA:81,1
DA:82,0
DA:85,1
DA:89,1
DA:93,1
DA:94,0
DA:97,1
DA:98,1
DA:100,0
DA:101,0
DA:107,1
DA:108,2
DA:109,2
DA:111,2
DA:112,2
DA:117,2
DA:120,2
DA:121,2
DA:127,2
DA:129,1
DA:133,1
DA:135,1
DA:137,1
DA:140,0
DA:143,0
DA:144,0
DA:149,1
DA:150,1
DA:152,1
DA:154,1
DA:158,1
DA:159,0
DA:163,1
DA:167,1
DA:170,1
DA:171,1
DA:173,1
DA:175,2
DA:178,2
DA:184,1
DA:189,0
DA:190,0
DA:195,1
DA:196,1
DA:197,1
DA:199,1
DA:200,1
DA:202,1
DA:206,0
DA:209,1
DA:211,1
DA:212,1
DA:215,1
DA:223,1
DA:224,1
DA:227,1
DA:231,1
DA:236,1
DA:237,1
DA:239,1
DA:241,0
DA:242,0
DA:245,1
LF:93
LH:76
BRDA:30,0,0,1
BRDA:30,0,1,1
BRDA:63,1,0,0
BRDA:63,1,1,1
BRDA:82,2,0,0
BRDA:82,2,1,0
BRDA:93,3,0,0
BRDA:93,3,1,1
BRDA:93,4,0,1
BRDA:93,4,1,0
BRDA:120,5,0,2
BRDA:120,5,1,0
BRDA:127,6,0,1
BRDA:127,6,1,1
BRDA:158,7,0,0
BRDA:158,7,1,1
BRDA:167,8,0,1
BRDA:167,8,1,0
BRDA:175,9,0,1
BRDA:175,9,1,1
BRDA:202,10,0,0
BRDA:202,10,1,1
BRDA:203,11,0,1
BRDA:203,11,1,1
BRDA:203,11,2,0
BRDA:211,12,0,1
BRDA:211,12,1,0
BRDA:218,13,0,1
BRDA:218,13,1,0
BRDA:227,14,0,1
BRDA:227,14,1,0
BRDA:233,15,0,1
BRDA:233,15,1,0
BRF:33
BRH:19
end_of_record
TN:
SF:middleware\usersValidator.js
FN:61,(anonymous_0)
FN:80,(anonymous_1)
FN:103,(anonymous_2)
FN:119,(anonymous_3)
FN:123,(anonymous_4)
FNF:5
FNH:4
FNDA:3,(anonymous_0)
FNDA:2,(anonymous_1)
FNDA:0,(anonymous_2)
FNDA:3,(anonymous_3)
FNDA:2,(anonymous_4)
DA:1,1
DA:2,1
DA:3,1
DA:4,1
DA:5,1
DA:6,1
DA:7,1
DA:61,1
DA:62,3
DA:63,3
DA:64,1
DA:66,2
DA:67,2
DA:68,2
DA:69,2
DA:70,1
DA:72,1
DA:74,0
DA:75,0
DA:80,1
DA:81,2
DA:82,2
DA:83,2
DA:84,2
DA:85,1
DA:92,1
DA:95,1
DA:97,0
DA:98,0
DA:103,1
DA:104,0
DA:105,0
DA:106,0
DA:107,0
DA:108,0
DA:112,0
DA:116,0
DA:119,1
DA:120,3
DA:121,3
DA:122,3
DA:123,2
DA:124,2
DA:125,1
DA:126,1
DA:127,1
DA:130,1
LF:47
LH:36
BRDA:63,0,0,1
BRDA:63,0,1,2
BRDA:69,1,0,1
BRDA:69,1,1,1
BRDA:84,2,0,1
BRDA:84,2,1,1
BRDA:105,3,0,0
BRDA:105,3,1,0
BRDA:121,4,0,3
BRDA:121,4,1,2
BRDA:122,5,0,1
BRDA:122,5,1,2
BRDA:124,6,0,1
BRDA:124,6,1,1
BRF:14
BRH:12
end_of_record
TN:
SF:models\Chat.js
FNF:0
FNH:0
DA:1,1
DA:3,1
DA:10,1
DA:15,1
LF:4
LH:4
BRF:0
BRH:0
end_of_record
TN:
SF:models\Matches.js
FNF:0
FNH:0
DA:1,1
DA:2,1
DA:4,1
DA:11,1
LF:4
LH:4
BRF:0
BRH:0
end_of_record
TN:
SF:models\Swipes.js
FNF:0
FNH:0
DA:1,1
DA:2,1
DA:4,1
DA:12,1
LF:4
LH:4
BRF:0
BRH:0
end_of_record
TN:
SF:models\Users.js
FNF:0
FNH:0
DA:2,2
DA:3,2
DA:5,2
DA:21,2
LF:4
LH:4
BRF:0
BRH:0
end_of_record
